  [4;36;1mSQL (0.1ms)[0m   [0;1mSET NAMES 'utf8'[0m
  [4;35;1mSQL (0.1ms)[0m   [0mSET SQL_AUTO_IS_NULL=0[0m
  [4;36;1mSQL (0.3ms)[0m   [0;1mSHOW TABLES[0m
  [4;35;1mSQL (5.3ms)[0m   [0mCREATE TABLE `schema_migrations` (`version` varchar(255) NOT NULL) ENGINE=InnoDB[0m
  [4;36;1mSQL (0.5ms)[0m   [0;1mSHOW KEYS FROM `schema_migrations`[0m
  [4;35;1mSQL (5.4ms)[0m   [0mCREATE UNIQUE INDEX `unique_schema_migrations` ON `schema_migrations` (`version`)[0m
  [4;36;1mSQL (0.3ms)[0m   [0;1mSHOW TABLES[0m
  [4;35;1mSQL (0.3ms)[0m   [0mSELECT version FROM schema_migrations[0m
Migrating to CreateEvents (20100317062400)
  [4;36;1mSQL (6.0ms)[0m   [0;1mCREATE TABLE `events` (`id` int(11) DEFAULT NULL auto_increment PRIMARY KEY, `title` varchar(255), `url` varchar(255), `starttime` datetime, `endtime` datetime, `all_day` tinyint(1) DEFAULT 0, `created_at` datetime, `updated_at` datetime) ENGINE=InnoDB[0m
  [4;35;1mSQL (1.5ms)[0m   [0mINSERT INTO schema_migrations (version) VALUES ('20100317062400')[0m
Migrating to AddDescriptionToEvent (20100319102122)
  [4;36;1mSQL (21.2ms)[0m   [0;1mALTER TABLE `events` ADD `description` text[0m
  [4;35;1mSQL (1.6ms)[0m   [0mINSERT INTO schema_migrations (version) VALUES ('20100319102122')[0m
Migrating to RemoveUrlFromEvent (20100319102139)
  [4;36;1mSQL (5.9ms)[0m   [0;1mALTER TABLE `events` DROP `url`[0m
  [4;35;1mSQL (0.4ms)[0m   [0mINSERT INTO schema_migrations (version) VALUES ('20100319102139')[0m
Migrating to CreateEventSeries (20100330111648)
  [4;36;1mSQL (3.4ms)[0m   [0;1mCREATE TABLE `event_series` (`id` int(11) DEFAULT NULL auto_increment PRIMARY KEY, `frequency` int(11) DEFAULT 1, `period` varchar(255) DEFAULT 'monthly', `starttime` datetime, `endtime` datetime, `all_day` tinyint(1) DEFAULT 0, `created_at` datetime, `updated_at` datetime) ENGINE=InnoDB[0m
  [4;35;1mSQL (0.4ms)[0m   [0mINSERT INTO schema_migrations (version) VALUES ('20100330111648')[0m
Migrating to AddEventSeriesToEvent (20100330111833)
  [4;36;1mSQL (0.1ms)[0m   [0;1mSET NAMES 'utf8'[0m
  [4;35;1mSQL (0.3ms)[0m   [0mSET SQL_AUTO_IS_NULL=0[0m
  [4;36;1mSQL (0.4ms)[0m   [0;1mSHOW TABLES[0m
  [4;35;1mSQL (0.2ms)[0m   [0mSELECT version FROM schema_migrations[0m
Migrating to AddAdvisorToEvent (20100330)
  [4;36;1mSQL (5.8ms)[0m   [0;1mALTER TABLE `events` ADD `advisor_id` int(11)[0m
  [4;35;1mSQL (0.6ms)[0m   [0mSHOW KEYS FROM `events`[0m
  [4;36;1mSQL (5.4ms)[0m   [0;1mCREATE INDEX `index_events_on_advisor_id` ON `events` (`advisor_id`)[0m
  [4;35;1mSQL (0.4ms)[0m   [0mINSERT INTO schema_migrations (version) VALUES ('20100330')[0m
Migrating to AddStudentToEvent (20100330999)
  [4;36;1mSQL (10.4ms)[0m   [0;1mALTER TABLE `events` ADD `student_id` int(11)[0m
  [4;35;1mSQL (0.6ms)[0m   [0mSHOW KEYS FROM `events`[0m
  [4;36;1mSQL (8.5ms)[0m   [0;1mCREATE INDEX `index_events_on_student_id` ON `events` (`student_id`)[0m
  [4;35;1mSQL (0.6ms)[0m   [0mINSERT INTO schema_migrations (version) VALUES ('20100330999')[0m
Migrating to CreateEvents (20100317062400)
Migrating to AddDescriptionToEvent (20100319102122)
Migrating to RemoveUrlFromEvent (20100319102139)
Migrating to CreateEventSeries (20100330111648)
Migrating to CreateAdvisors (20100629230459)
  [4;36;1mSQL (3.0ms)[0m   [0;1mCREATE TABLE `advisors` (`id` int(11) DEFAULT NULL auto_increment PRIMARY KEY, `login` varchar(255), `crypted_password` varchar(255) NOT NULL, `password_salt` varchar(255) NOT NULL, `persistence_token` varchar(255) NOT NULL, `created_at` datetime, `updated_at` datetime) ENGINE=InnoDB[0m
  [4;35;1mSQL (0.5ms)[0m   [0mINSERT INTO schema_migrations (version) VALUES ('20100629230459')[0m
Migrating to AddEmailToAdvisor (20100629231455)
  [4;36;1mSQL (11.4ms)[0m   [0;1mALTER TABLE `advisors` ADD `email` varchar(255)[0m
  [4;35;1mSQL (2.1ms)[0m   [0mINSERT INTO schema_migrations (version) VALUES ('20100629231455')[0m
Migrating to CreateStudents (20100630223136)
  [4;36;1mSQL (4.2ms)[0m   [0;1mCREATE TABLE `students` (`id` int(11) DEFAULT NULL auto_increment PRIMARY KEY, `email` varchar(255), `name` varchar(255), `advisor_id` int(11), `crypted_password` varchar(255) NOT NULL, `password_salt` varchar(255) NOT NULL, `persistence_token` varchar(255) NOT NULL, `created_at` datetime, `updated_at` datetime) ENGINE=InnoDB[0m
  [4;35;1mSQL (0.7ms)[0m   [0mINSERT INTO schema_migrations (version) VALUES ('20100630223136')[0m
Migrating to AddNameToAdvisor (20100701215826)
  [4;36;1mSQL (16.5ms)[0m   [0;1mALTER TABLE `advisors` ADD `name` varchar(255)[0m
  [4;35;1mSQL (2.2ms)[0m   [0mINSERT INTO schema_migrations (version) VALUES ('20100701215826')[0m
  [4;36;1mSQL (0.7ms)[0m   [0;1mSHOW TABLES[0m
  [4;35;1mSQL (0.2ms)[0m   [0mSELECT version FROM schema_migrations[0m
  [4;36;1mSQL (0.5ms)[0m   [0;1mSHOW TABLES[0m
  [4;35;1mSQL (1.1ms)[0m   [0mSHOW FIELDS FROM `advisors`[0m
  [4;36;1mSQL (0.7ms)[0m   [0;1mdescribe `advisors`[0m
  [4;35;1mSQL (0.3ms)[0m   [0mSHOW KEYS FROM `advisors`[0m
  [4;36;1mSQL (0.8ms)[0m   [0;1mSHOW FIELDS FROM `event_series`[0m
  [4;35;1mSQL (0.7ms)[0m   [0mdescribe `event_series`[0m
  [4;36;1mSQL (0.4ms)[0m   [0;1mSHOW KEYS FROM `event_series`[0m
  [4;35;1mSQL (1.1ms)[0m   [0mSHOW FIELDS FROM `events`[0m
  [4;36;1mSQL (0.8ms)[0m   [0;1mdescribe `events`[0m
  [4;35;1mSQL (0.4ms)[0m   [0mSHOW KEYS FROM `events`[0m
  [4;36;1mSQL (0.9ms)[0m   [0;1mSHOW FIELDS FROM `students`[0m
  [4;35;1mSQL (0.8ms)[0m   [0mdescribe `students`[0m
  [4;36;1mSQL (0.3ms)[0m   [0;1mSHOW KEYS FROM `students`[0m
