  [4;36;1mSQL (0.1ms)[0m   [0;1mSET NAMES 'utf8'[0m
  [4;35;1mSQL (0.1ms)[0m   [0mSET SQL_AUTO_IS_NULL=0[0m
  [4;36;1mSQL (219.5ms)[0m   [0;1mSHOW TABLES[0m
  [4;35;1mSQL (0.5ms)[0m   [0mSELECT version FROM schema_migrations[0m
Migrating to CreateEvents (20100317062400)
Migrating to AddDescriptionToEvent (20100319102122)
Migrating to RemoveUrlFromEvent (20100319102139)
Migrating to CreateEventSeries (20100330111648)
Migrating to CreateAdvisors (20100629230459)
Migrating to AddEmailToAdvisor (20100629231455)
Migrating to CreateStudents (20100630223136)
Migrating to AddNameToAdvisor (20100701215826)
Migrating to AddAdvisorToEvent (20100701215830)
  [4;36;1mSQL (0.0ms)[0m   [0;1mMysql::Error: Duplicate column name 'advisor_id': ALTER TABLE `events` ADD `advisor_id` int(11)[0m
  [4;36;1mSQL (0.1ms)[0m   [0;1mSET NAMES 'utf8'[0m
  [4;35;1mSQL (0.1ms)[0m   [0mSET SQL_AUTO_IS_NULL=0[0m


Processing EventsController#index (for 127.0.0.1 at 2010-07-12 00:21:46) [GET]
  Parameters: {"action"=>"index", "controller"=>"events"}
  [4;36;1mStudent Columns (1.2ms)[0m   [0;1mSHOW FIELDS FROM `students`[0m
  [4;35;1mStudent Load (0.2ms)[0m   [0mSELECT * FROM `students` WHERE (`students`.`id` = '1') LIMIT 1[0m
Rendering template within layouts/application
Rendering events/index_students
  [4;36;1mAdvisor Columns (1.2ms)[0m   [0;1mSHOW FIELDS FROM `advisors`[0m
  [4;35;1mAdvisor Load (0.2ms)[0m   [0mSELECT * FROM `advisors` WHERE (`advisors`.`id` = 1) [0m
  [4;36;1mEvent Load (0.1ms)[0m   [0;1mSELECT * FROM `events` WHERE (`events`.student_id = 1) LIMIT 1[0m
Rendered events/_show (28.3ms)
Completed in 112ms (View: 68, DB: 3) | 200 OK [http://localhost/]
  [4;35;1mSQL (0.1ms)[0m   [0mSET NAMES 'utf8'[0m
  [4;36;1mSQL (0.1ms)[0m   [0;1mSET SQL_AUTO_IS_NULL=0[0m


Processing EventsController#get_events (for 127.0.0.1 at 2010-07-12 00:21:47) [GET]
  Parameters: {"action"=>"get_events", "end"=>"1279339200", "start"=>"1278907200", "controller"=>"events", "_"=>"1278908507156"}
  [4;35;1mStudent Columns (9.6ms)[0m   [0mSHOW FIELDS FROM `students`[0m
  [4;36;1mStudent Load (5.2ms)[0m   [0;1mSELECT * FROM `students` WHERE (`students`.`id` = '1') LIMIT 1[0m
  [4;35;1mEvent Load (0.2ms)[0m   [0mSELECT * FROM `events` WHERE (starttime >= '2010-07-12 00:00:00' and endtime <= '2010-07-17 00:00:00') [0m
Completed in 41ms (View: 1, DB: 15) | 200 OK [http://localhost/events/get_events?_=1278908507156&start=1278907200&end=1279339200]
  [4;36;1mSQL (0.1ms)[0m   [0;1mSET NAMES 'utf8'[0m
  [4;35;1mSQL (0.1ms)[0m   [0mSET SQL_AUTO_IS_NULL=0[0m


Processing EventsController#new (for 127.0.0.1 at 2010-07-12 00:21:50) [POST]
  Parameters: {"action"=>"new", "authenticity_token"=>"zGP4LJw/sgaRMJ14m3sDMGJs4qG5W+4PfRxLRrjP5u8=", "controller"=>"events"}
  [4;36;1mStudent Columns (1.2ms)[0m   [0;1mSHOW FIELDS FROM `students`[0m
  [4;35;1mStudent Load (0.4ms)[0m   [0mSELECT * FROM `students` WHERE (`students`.`id` = '1') LIMIT 1[0m
  [4;36;1mEvent Columns (1.6ms)[0m   [0;1mSHOW FIELDS FROM `events`[0m
  [4;35;1mAdvisor Columns (1.2ms)[0m   [0mSHOW FIELDS FROM `advisors`[0m
  [4;36;1mAdvisor Load (0.2ms)[0m   [0;1mSELECT * FROM `advisors` WHERE (`advisors`.`id` = 1) [0m
Rendering events/new
Rendered events/_form (101.2ms)
Completed in 174ms (View: 118, DB: 5) | 200 OK [http://localhost/events/new]
  [4;35;1mSQL (0.1ms)[0m   [0mSET NAMES 'utf8'[0m
  [4;36;1mSQL (0.1ms)[0m   [0;1mSET SQL_AUTO_IS_NULL=0[0m


Processing EventsController#new (for 127.0.0.1 at 2010-07-12 00:21:50) [POST]
  Parameters: {"action"=>"new", "authenticity_token"=>"zGP4LJw/sgaRMJ14m3sDMGJs4qG5W+4PfRxLRrjP5u8=", "controller"=>"events"}
  [4;35;1mStudent Columns (1.1ms)[0m   [0mSHOW FIELDS FROM `students`[0m
  [4;36;1mStudent Load (5.7ms)[0m   [0;1mSELECT * FROM `students` WHERE (`students`.`id` = '1') LIMIT 1[0m
  [4;35;1mEvent Columns (7.9ms)[0m   [0mSHOW FIELDS FROM `events`[0m
  [4;36;1mAdvisor Columns (4.1ms)[0m   [0;1mSHOW FIELDS FROM `advisors`[0m
  [4;35;1mAdvisor Load (6.5ms)[0m   [0mSELECT * FROM `advisors` WHERE (`advisors`.`id` = 1) [0m
Rendering events/new
Rendered events/_form (36.2ms)
Completed in 163ms (View: 49, DB: 26) | 200 OK [http://localhost/events/new]
  [4;36;1mSQL (0.1ms)[0m   [0;1mSET NAMES 'utf8'[0m
  [4;35;1mSQL (0.2ms)[0m   [0mSET SQL_AUTO_IS_NULL=0[0m


Processing ApplicationController#index (for 127.0.0.1 at 2010-07-12 00:21:50) [GET]

ActionController::RoutingError (No route matches "/images/ui-bg_highlight-soft_100_eeeeee_1x100.png" with {:method=>:get}):
  /usr/local/lib/ruby/1.8/webrick/httpserver.rb:104:in `service'
  /usr/local/lib/ruby/1.8/webrick/httpserver.rb:65:in `run'
  /usr/local/lib/ruby/1.8/webrick/server.rb:173:in `start_thread'
  /usr/local/lib/ruby/1.8/webrick/server.rb:162

Rendering rescues/layout (not_found)
  [4;36;1mSQL (0.1ms)[0m   [0;1mSET NAMES 'utf8'[0m
  [4;35;1mSQL (0.1ms)[0m   [0mSET SQL_AUTO_IS_NULL=0[0m


Processing ApplicationController#index (for 127.0.0.1 at 2010-07-12 00:21:50) [GET]

ActionController::RoutingError (No route matches "/images/ui-bg_diagonals-thick_20_666666_40x40.png" with {:method=>:get}):
  /usr/local/lib/ruby/1.8/webrick/httpserver.rb:104:in `service'
  /usr/local/lib/ruby/1.8/webrick/httpserver.rb:65:in `run'
  /usr/local/lib/ruby/1.8/webrick/server.rb:173:in `start_thread'
  /usr/local/lib/ruby/1.8/webrick/server.rb:162

Rendering rescues/layout (not_found)
  [4;36;1mSQL (0.1ms)[0m   [0;1mSET NAMES 'utf8'[0m
  [4;35;1mSQL (0.1ms)[0m   [0mSET SQL_AUTO_IS_NULL=0[0m


Processing EventsController#create (for 127.0.0.1 at 2010-07-12 00:21:56) [POST]
  Parameters: {"action"=>"create", "authenticity_token"=>"zGP4LJw/sgaRMJ14m3sDMGJs4qG5W+4PfRxLRrjP5u8=", "event"=>{"period"=>"Does not repeat", "starttime(1i)"=>"2010", "id"=>"", "starttime(2i)"=>"7", "starttime(3i)"=>"12", "starttime(4i)"=>"10", "frequency"=>"1", "starttime(5i)"=>"00"}, "controller"=>"events"}
  [4;36;1mStudent Columns (1.2ms)[0m   [0;1mSHOW FIELDS FROM `students`[0m
  [4;35;1mStudent Load (0.2ms)[0m   [0mSELECT * FROM `students` WHERE (`students`.`id` = '1') LIMIT 1[0m
  [4;36;1mEvent Columns (1.2ms)[0m   [0;1mSHOW FIELDS FROM `events`[0m
WARNING: Can't mass-assign these protected attributes: id
Rendering events/create
  [4;35;1mAdvisor Columns (1.4ms)[0m   [0mSHOW FIELDS FROM `advisors`[0m
  [4;36;1mAdvisor Load (0.2ms)[0m   [0;1mSELECT * FROM `advisors` WHERE (`advisors`.`id` = 1) [0m
  [4;35;1mSQL (0.1ms)[0m   [0mBEGIN[0m
  [4;36;1mEvent Create (0.4ms)[0m   [0;1mINSERT INTO `events` (`student_id`, `endtime`, `created_at`, `title`, `updated_at`, `starttime`, `description`, `advisor_id`, `all_day`) VALUES(1, '2010-07-12 10:15:00', '2010-07-12 04:21:56', 'Dan Bercht', '2010-07-12 04:21:56', '2010-07-12 10:00:00', 'Dan Bercht\'s appointment with T.B.Soules', 1, 0)[0m
  [4;35;1mSQL (2.5ms)[0m   [0mCOMMIT[0m
Completed in 160ms (View: 122, DB: 7) | 200 OK [http://localhost/events/create]
  [4;36;1mSQL (0.1ms)[0m   [0;1mSET NAMES 'utf8'[0m
  [4;35;1mSQL (0.1ms)[0m   [0mSET SQL_AUTO_IS_NULL=0[0m


Processing EventsController#get_events (for 127.0.0.1 at 2010-07-12 00:21:56) [GET]
  Parameters: {"action"=>"get_events", "end"=>"1279339200", "start"=>"1278907200", "controller"=>"events", "_"=>"1278908516277"}
  [4;36;1mStudent Columns (1.4ms)[0m   [0;1mSHOW FIELDS FROM `students`[0m
  [4;35;1mStudent Load (0.2ms)[0m   [0mSELECT * FROM `students` WHERE (`students`.`id` = '1') LIMIT 1[0m
  [4;36;1mEvent Load (0.6ms)[0m   [0;1mSELECT * FROM `events` WHERE (starttime >= '2010-07-12 00:00:00' and endtime <= '2010-07-17 00:00:00') [0m
  [4;35;1mEvent Columns (1.2ms)[0m   [0mSHOW FIELDS FROM `events`[0m
Completed in 64ms (View: 1, DB: 4) | 200 OK [http://localhost/events/get_events?_=1278908516277&start=1278907200&end=1279339200]
  [4;36;1mSQL (0.1ms)[0m   [0;1mSET NAMES 'utf8'[0m
  [4;35;1mSQL (3.9ms)[0m   [0mSET SQL_AUTO_IS_NULL=0[0m


Processing EventsController#move (for 127.0.0.1 at 2010-07-12 00:22:00) [POST]
  Parameters: {"title"=>"Dan Bercht", "minute_delta"=>"-90", "day_delta"=>"2", "action"=>"move", "id"=>"22", "controller"=>"events", "all_day"=>"false"}
  [4;36;1mStudent Columns (1.2ms)[0m   [0;1mSHOW FIELDS FROM `students`[0m
  [4;35;1mStudent Load (8.0ms)[0m   [0mSELECT * FROM `students` WHERE (`students`.`id` = '1') LIMIT 1[0m
  [4;36;1mEvent Columns (1.2ms)[0m   [0;1mSHOW FIELDS FROM `events`[0m
  [4;35;1mEvent Load (0.4ms)[0m   [0mSELECT * FROM `events` WHERE (`events`.`id` = '22') LIMIT 1[0m
  [4;36;1mSQL (0.3ms)[0m   [0;1mBEGIN[0m
  [4;35;1mEvent Update (35.1ms)[0m   [0mUPDATE `events` SET `updated_at` = '2010-07-12 04:22:00', `endtime` = '2010-07-14 08:45:00', `starttime` = '2010-07-14 08:30:00' WHERE `id` = 22[0m
  [4;36;1mSQL (10.3ms)[0m   [0;1mCOMMIT[0m
  [4;35;1mAdvisor Columns (1.2ms)[0m   [0mSHOW FIELDS FROM `advisors`[0m
  [4;36;1mAdvisor Load (0.2ms)[0m   [0;1mSELECT * FROM `advisors` WHERE (`advisors`.`id` = 1) [0m
  [4;35;1mEvent Load (0.5ms)[0m   [0mSELECT * FROM `events` WHERE (`events`.student_id = 1) LIMIT 1[0m
Rendered events/_show (8.6ms)
Completed in 133ms (View: 10, DB: 62) | 200 OK [http://localhost/events/move]
  [4;36;1mSQL (0.1ms)[0m   [0;1mSET NAMES 'utf8'[0m
  [4;35;1mSQL (0.1ms)[0m   [0mSET SQL_AUTO_IS_NULL=0[0m


Processing EventsController#get_events (for 127.0.0.1 at 2010-07-12 00:22:00) [GET]
  Parameters: {"action"=>"get_events", "end"=>"1279339200", "start"=>"1278907200", "controller"=>"events", "_"=>"1278908520297"}
  [4;36;1mStudent Columns (1.5ms)[0m   [0;1mSHOW FIELDS FROM `students`[0m
  [4;35;1mStudent Load (0.2ms)[0m   [0mSELECT * FROM `students` WHERE (`students`.`id` = '1') LIMIT 1[0m
  [4;36;1mEvent Load (0.5ms)[0m   [0;1mSELECT * FROM `events` WHERE (starttime >= '2010-07-12 00:00:00' and endtime <= '2010-07-17 00:00:00') [0m
  [4;35;1mEvent Columns (1.1ms)[0m   [0mSHOW FIELDS FROM `events`[0m
Completed in 33ms (View: 1, DB: 3) | 200 OK [http://localhost/events/get_events?_=1278908520297&start=1278907200&end=1279339200]
  [4;36;1mSQL (0.1ms)[0m   [0;1mSET NAMES 'utf8'[0m
  [4;35;1mSQL (1.0ms)[0m   [0mSET SQL_AUTO_IS_NULL=0[0m


Processing EventsController#move (for 127.0.0.1 at 2010-07-12 00:22:05) [POST]
  Parameters: {"title"=>"Dan Bercht", "minute_delta"=>"0", "day_delta"=>"1", "action"=>"move", "id"=>"22", "controller"=>"events", "all_day"=>"false"}
  [4;36;1mStudent Columns (1.2ms)[0m   [0;1mSHOW FIELDS FROM `students`[0m
  [4;35;1mStudent Load (0.2ms)[0m   [0mSELECT * FROM `students` WHERE (`students`.`id` = '1') LIMIT 1[0m
  [4;36;1mEvent Columns (1.3ms)[0m   [0;1mSHOW FIELDS FROM `events`[0m
  [4;35;1mEvent Load (0.4ms)[0m   [0mSELECT * FROM `events` WHERE (`events`.`id` = '22') LIMIT 1[0m
  [4;36;1mSQL (0.1ms)[0m   [0;1mBEGIN[0m
  [4;35;1mEvent Update (0.4ms)[0m   [0mUPDATE `events` SET `updated_at` = '2010-07-12 04:22:05', `endtime` = '2010-07-15 08:45:00', `starttime` = '2010-07-15 08:30:00' WHERE `id` = 22[0m
  [4;36;1mSQL (2.2ms)[0m   [0;1mCOMMIT[0m
  [4;35;1mAdvisor Columns (1.3ms)[0m   [0mSHOW FIELDS FROM `advisors`[0m
  [4;36;1mAdvisor Load (0.2ms)[0m   [0;1mSELECT * FROM `advisors` WHERE (`advisors`.`id` = 1) [0m
  [4;35;1mEvent Load (0.5ms)[0m   [0mSELECT * FROM `events` WHERE (`events`.student_id = 1) LIMIT 1[0m
Rendered events/_show (7.7ms)
Completed in 64ms (View: 9, DB: 9) | 200 OK [http://localhost/events/move]
  [4;36;1mSQL (0.1ms)[0m   [0;1mSET NAMES 'utf8'[0m
  [4;35;1mSQL (0.1ms)[0m   [0mSET SQL_AUTO_IS_NULL=0[0m


Processing EventsController#get_events (for 127.0.0.1 at 2010-07-12 00:22:05) [GET]
  Parameters: {"action"=>"get_events", "end"=>"1279339200", "start"=>"1278907200", "controller"=>"events", "_"=>"1278908525260"}
  [4;36;1mStudent Columns (1.2ms)[0m   [0;1mSHOW FIELDS FROM `students`[0m
  [4;35;1mStudent Load (0.2ms)[0m   [0mSELECT * FROM `students` WHERE (`students`.`id` = '1') LIMIT 1[0m
  [4;36;1mEvent Load (0.5ms)[0m   [0;1mSELECT * FROM `events` WHERE (starttime >= '2010-07-12 00:00:00' and endtime <= '2010-07-17 00:00:00') [0m
  [4;35;1mEvent Columns (1.1ms)[0m   [0mSHOW FIELDS FROM `events`[0m
Completed in 34ms (View: 1, DB: 3) | 200 OK [http://localhost/events/get_events?_=1278908525260&start=1278907200&end=1279339200]
  [4;36;1mSQL (0.1ms)[0m   [0;1mSET NAMES 'utf8'[0m
  [4;35;1mSQL (4.2ms)[0m   [0mSET SQL_AUTO_IS_NULL=0[0m


Processing EventsController#move (for 127.0.0.1 at 2010-07-12 00:22:07) [POST]
  Parameters: {"title"=>"Dan Bercht", "minute_delta"=>"0", "day_delta"=>"-2", "action"=>"move", "id"=>"22", "controller"=>"events", "all_day"=>"false"}
  [4;36;1mStudent Columns (4.4ms)[0m   [0;1mSHOW FIELDS FROM `students`[0m
  [4;35;1mStudent Load (0.2ms)[0m   [0mSELECT * FROM `students` WHERE (`students`.`id` = '1') LIMIT 1[0m
  [4;36;1mEvent Columns (1.4ms)[0m   [0;1mSHOW FIELDS FROM `events`[0m
  [4;35;1mEvent Load (0.4ms)[0m   [0mSELECT * FROM `events` WHERE (`events`.`id` = '22') LIMIT 1[0m
  [4;36;1mSQL (0.1ms)[0m   [0;1mBEGIN[0m
  [4;35;1mEvent Update (0.3ms)[0m   [0mUPDATE `events` SET `updated_at` = '2010-07-12 04:22:07', `endtime` = '2010-07-13 08:45:00', `starttime` = '2010-07-13 08:30:00' WHERE `id` = 22[0m
  [4;36;1mSQL (1.6ms)[0m   [0;1mCOMMIT[0m
  [4;35;1mAdvisor Columns (1.2ms)[0m   [0mSHOW FIELDS FROM `advisors`[0m
  [4;36;1mAdvisor Load (0.2ms)[0m   [0;1mSELECT * FROM `advisors` WHERE (`advisors`.`id` = 1) [0m
  [4;35;1mEvent Load (0.5ms)[0m   [0mSELECT * FROM `events` WHERE (`events`.student_id = 1) LIMIT 1[0m
Rendered events/_show (7.7ms)
Completed in 82ms (View: 9, DB: 14) | 200 OK [http://localhost/events/move]
  [4;36;1mSQL (0.1ms)[0m   [0;1mSET NAMES 'utf8'[0m
  [4;35;1mSQL (0.2ms)[0m   [0mSET SQL_AUTO_IS_NULL=0[0m


Processing EventsController#get_events (for 127.0.0.1 at 2010-07-12 00:22:07) [GET]
  Parameters: {"action"=>"get_events", "end"=>"1279339200", "start"=>"1278907200", "controller"=>"events", "_"=>"1278908527235"}
  [4;36;1mStudent Columns (1.2ms)[0m   [0;1mSHOW FIELDS FROM `students`[0m
  [4;35;1mStudent Load (0.2ms)[0m   [0mSELECT * FROM `students` WHERE (`students`.`id` = '1') LIMIT 1[0m
  [4;36;1mEvent Load (0.5ms)[0m   [0;1mSELECT * FROM `events` WHERE (starttime >= '2010-07-12 00:00:00' and endtime <= '2010-07-17 00:00:00') [0m
  [4;35;1mEvent Columns (1.1ms)[0m   [0mSHOW FIELDS FROM `events`[0m
Completed in 123ms (View: 1, DB: 3) | 200 OK [http://localhost/events/get_events?_=1278908527235&start=1278907200&end=1279339200]
  [4;36;1mSQL (0.1ms)[0m   [0;1mSET NAMES 'utf8'[0m
  [4;35;1mSQL (0.1ms)[0m   [0mSET SQL_AUTO_IS_NULL=0[0m


Processing EventsController#index (for 127.0.0.1 at 2010-07-12 00:22:58) [GET]
  Parameters: {"action"=>"index", "controller"=>"events"}
  [4;36;1mStudent Columns (4.3ms)[0m   [0;1mSHOW FIELDS FROM `students`[0m
  [4;35;1mStudent Load (0.2ms)[0m   [0mSELECT * FROM `students` WHERE (`students`.`id` = '1') LIMIT 1[0m
Rendering template within layouts/application
Rendering events/index_students
  [4;36;1mAdvisor Columns (1.2ms)[0m   [0;1mSHOW FIELDS FROM `advisors`[0m
  [4;35;1mAdvisor Load (0.2ms)[0m   [0mSELECT * FROM `advisors` WHERE (`advisors`.`id` = 1) [0m
  [4;36;1mEvent Load (0.2ms)[0m   [0;1mSELECT * FROM `events` WHERE (`events`.student_id = 1) LIMIT 1[0m
  [4;35;1mEvent Columns (1.2ms)[0m   [0mSHOW FIELDS FROM `events`[0m
Rendered events/_show (29.5ms)
Completed in 75ms (View: 43, DB: 7) | 200 OK [http://localhost/]
  [4;36;1mSQL (0.1ms)[0m   [0;1mSET NAMES 'utf8'[0m
  [4;35;1mSQL (0.1ms)[0m   [0mSET SQL_AUTO_IS_NULL=0[0m


Processing EventsController#get_events (for 127.0.0.1 at 2010-07-12 00:23:00) [GET]
  Parameters: {"action"=>"get_events", "end"=>"1279339200", "start"=>"1278907200", "controller"=>"events", "_"=>"1278908579785"}
  [4;36;1mStudent Columns (7.0ms)[0m   [0;1mSHOW FIELDS FROM `students`[0m
  [4;35;1mStudent Load (0.2ms)[0m   [0mSELECT * FROM `students` WHERE (`students`.`id` = '1') LIMIT 1[0m
  [4;36;1mEvent Load (0.2ms)[0m   [0;1mSELECT * FROM `events` WHERE (starttime >= '2010-07-12 00:00:00' and endtime <= '2010-07-17 00:00:00') [0m
  [4;35;1mEvent Columns (1.2ms)[0m   [0mSHOW FIELDS FROM `events`[0m
Completed in 84ms (View: 1, DB: 9) | 200 OK [http://localhost/events/get_events?_=1278908579785&start=1278907200&end=1279339200]
  [4;36;1mSQL (0.1ms)[0m   [0;1mSET NAMES 'utf8'[0m
  [4;35;1mSQL (0.1ms)[0m   [0mSET SQL_AUTO_IS_NULL=0[0m


Processing EventsController#move (for 127.0.0.1 at 2010-07-12 00:23:02) [POST]
  Parameters: {"title"=>"Dan Bercht", "minute_delta"=>"60", "day_delta"=>"1", "action"=>"move", "id"=>"22", "controller"=>"events", "all_day"=>"false"}
  [4;36;1mStudent Columns (1.2ms)[0m   [0;1mSHOW FIELDS FROM `students`[0m
  [4;35;1mStudent Load (0.2ms)[0m   [0mSELECT * FROM `students` WHERE (`students`.`id` = '1') LIMIT 1[0m
  [4;36;1mEvent Columns (1.2ms)[0m   [0;1mSHOW FIELDS FROM `events`[0m
  [4;35;1mEvent Load (0.4ms)[0m   [0mSELECT * FROM `events` WHERE (`events`.`id` = '22') LIMIT 1[0m
  [4;36;1mSQL (0.1ms)[0m   [0;1mBEGIN[0m
  [4;35;1mEvent Update (0.3ms)[0m   [0mUPDATE `events` SET `updated_at` = '2010-07-12 04:23:02', `endtime` = '2010-07-14 09:45:00', `starttime` = '2010-07-14 09:30:00' WHERE `id` = 22[0m
  [4;36;1mSQL (22.3ms)[0m   [0;1mCOMMIT[0m
  [4;35;1mAdvisor Columns (1.2ms)[0m   [0mSHOW FIELDS FROM `advisors`[0m
  [4;36;1mAdvisor Load (0.2ms)[0m   [0;1mSELECT * FROM `advisors` WHERE (`advisors`.`id` = 1) [0m
  [4;35;1mEvent Load (0.5ms)[0m   [0mSELECT * FROM `events` WHERE (`events`.student_id = 1) LIMIT 1[0m
Rendered events/_show (7.6ms)
Completed in 79ms (View: 9, DB: 28) | 200 OK [http://localhost/events/move]
  [4;36;1mSQL (0.1ms)[0m   [0;1mSET NAMES 'utf8'[0m
  [4;35;1mSQL (0.1ms)[0m   [0mSET SQL_AUTO_IS_NULL=0[0m


Processing EventsController#get_events (for 127.0.0.1 at 2010-07-12 00:23:03) [GET]
  Parameters: {"action"=>"get_events", "end"=>"1279339200", "start"=>"1278907200", "controller"=>"events", "_"=>"1278908582988"}
  [4;36;1mStudent Columns (1.2ms)[0m   [0;1mSHOW FIELDS FROM `students`[0m
  [4;35;1mStudent Load (0.2ms)[0m   [0mSELECT * FROM `students` WHERE (`students`.`id` = '1') LIMIT 1[0m
  [4;36;1mEvent Load (0.6ms)[0m   [0;1mSELECT * FROM `events` WHERE (starttime >= '2010-07-12 00:00:00' and endtime <= '2010-07-17 00:00:00') [0m
  [4;35;1mEvent Columns (1.2ms)[0m   [0mSHOW FIELDS FROM `events`[0m
Completed in 41ms (View: 1, DB: 3) | 200 OK [http://localhost/events/get_events?_=1278908582988&start=1278907200&end=1279339200]
  [4;36;1mSQL (0.1ms)[0m   [0;1mSET NAMES 'utf8'[0m
  [4;35;1mSQL (0.1ms)[0m   [0mSET SQL_AUTO_IS_NULL=0[0m


Processing EventsController#index (for 127.0.0.1 at 2010-07-12 00:23:20) [GET]
  Parameters: {"action"=>"index", "controller"=>"events"}
  [4;36;1mStudent Columns (1.0ms)[0m   [0;1mSHOW FIELDS FROM `students`[0m
  [4;35;1mStudent Load (0.2ms)[0m   [0mSELECT * FROM `students` WHERE (`students`.`id` = '1') LIMIT 1[0m
Rendering template within layouts/application
Rendering events/index_students
  [4;36;1mAdvisor Columns (1.0ms)[0m   [0;1mSHOW FIELDS FROM `advisors`[0m
  [4;35;1mAdvisor Load (0.1ms)[0m   [0mSELECT * FROM `advisors` WHERE (`advisors`.`id` = 1) [0m
  [4;36;1mEvent Load (0.1ms)[0m   [0;1mSELECT * FROM `events` WHERE (`events`.student_id = 1) LIMIT 1[0m
  [4;35;1mEvent Columns (1.0ms)[0m   [0mSHOW FIELDS FROM `events`[0m
Rendered events/_show (26.1ms)
Completed in 143ms (View: 118, DB: 4) | 200 OK [http://localhost/]
  [4;36;1mSQL (0.1ms)[0m   [0;1mSET NAMES 'utf8'[0m
  [4;35;1mSQL (0.1ms)[0m   [0mSET SQL_AUTO_IS_NULL=0[0m


Processing EventsController#get_events (for 127.0.0.1 at 2010-07-12 00:23:20) [GET]
  Parameters: {"action"=>"get_events", "end"=>"1279339200", "start"=>"1278907200", "controller"=>"events", "_"=>"1278908600745"}
  [4;36;1mStudent Columns (1.0ms)[0m   [0;1mSHOW FIELDS FROM `students`[0m
  [4;35;1mStudent Load (0.2ms)[0m   [0mSELECT * FROM `students` WHERE (`students`.`id` = '1') LIMIT 1[0m
  [4;36;1mEvent Load (0.1ms)[0m   [0;1mSELECT * FROM `events` WHERE (starttime >= '2010-07-12 00:00:00' and endtime <= '2010-07-17 00:00:00') [0m
  [4;35;1mEvent Columns (1.0ms)[0m   [0mSHOW FIELDS FROM `events`[0m
Completed in 25ms (View: 1, DB: 2) | 200 OK [http://localhost/events/get_events?_=1278908600745&start=1278907200&end=1279339200]
  [4;36;1mSQL (0.1ms)[0m   [0;1mSET NAMES 'utf8'[0m
  [4;35;1mSQL (0.1ms)[0m   [0mSET SQL_AUTO_IS_NULL=0[0m


Processing EventsController#move (for 127.0.0.1 at 2010-07-12 00:23:22) [POST]
  Parameters: {"title"=>"Dan Bercht", "minute_delta"=>"30", "day_delta"=>"-1", "action"=>"move", "id"=>"22", "controller"=>"events", "all_day"=>"false"}
  [4;36;1mStudent Columns (1.0ms)[0m   [0;1mSHOW FIELDS FROM `students`[0m
  [4;35;1mStudent Load (0.2ms)[0m   [0mSELECT * FROM `students` WHERE (`students`.`id` = '1') LIMIT 1[0m
  [4;36;1mEvent Columns (0.9ms)[0m   [0;1mSHOW FIELDS FROM `events`[0m
  [4;35;1mEvent Load (0.3ms)[0m   [0mSELECT * FROM `events` WHERE (`events`.`id` = '22') LIMIT 1[0m
  [4;36;1mSQL (0.1ms)[0m   [0;1mBEGIN[0m
  [4;35;1mEvent Update (0.3ms)[0m   [0mUPDATE `events` SET `updated_at` = '2010-07-12 04:23:22', `endtime` = '2010-07-13 10:15:00', `starttime` = '2010-07-13 10:00:00' WHERE `id` = 22[0m
  [4;36;1mSQL (1.7ms)[0m   [0;1mCOMMIT[0m
  [4;35;1mAdvisor Columns (1.0ms)[0m   [0mSHOW FIELDS FROM `advisors`[0m
  [4;36;1mAdvisor Load (0.1ms)[0m   [0;1mSELECT * FROM `advisors` WHERE (`advisors`.`id` = 1) [0m
  [4;35;1mEvent Load (0.5ms)[0m   [0mSELECT * FROM `events` WHERE (`events`.student_id = 1) LIMIT 1[0m
Rendered events/_show (6.1ms)
Completed in 52ms (View: 8, DB: 6) | 200 OK [http://localhost/events/move]
  [4;36;1mSQL (0.1ms)[0m   [0;1mSET NAMES 'utf8'[0m
  [4;35;1mSQL (0.1ms)[0m   [0mSET SQL_AUTO_IS_NULL=0[0m


Processing EventsController#get_events (for 127.0.0.1 at 2010-07-12 00:23:22) [GET]
  Parameters: {"action"=>"get_events", "end"=>"1279339200", "start"=>"1278907200", "controller"=>"events", "_"=>"1278908602722"}
  [4;36;1mStudent Columns (1.1ms)[0m   [0;1mSHOW FIELDS FROM `students`[0m
  [4;35;1mStudent Load (0.2ms)[0m   [0mSELECT * FROM `students` WHERE (`students`.`id` = '1') LIMIT 1[0m
  [4;36;1mEvent Load (0.5ms)[0m   [0;1mSELECT * FROM `events` WHERE (starttime >= '2010-07-12 00:00:00' and endtime <= '2010-07-17 00:00:00') [0m
  [4;35;1mEvent Columns (1.1ms)[0m   [0mSHOW FIELDS FROM `events`[0m
Completed in 47ms (View: 1, DB: 3) | 200 OK [http://localhost/events/get_events?_=1278908602722&start=1278907200&end=1279339200]
  [4;36;1mSQL (0.1ms)[0m   [0;1mSET NAMES 'utf8'[0m
  [4;35;1mSQL (0.1ms)[0m   [0mSET SQL_AUTO_IS_NULL=0[0m


Processing EventsController#index (for 127.0.0.1 at 2010-07-12 00:23:49) [GET]
  Parameters: {"action"=>"index", "controller"=>"events"}
  [4;36;1mStudent Columns (1.1ms)[0m   [0;1mSHOW FIELDS FROM `students`[0m
  [4;35;1mStudent Load (0.2ms)[0m   [0mSELECT * FROM `students` WHERE (`students`.`id` = '1') LIMIT 1[0m
Rendering template within layouts/application
Rendering events/index_students
  [4;36;1mAdvisor Columns (1.0ms)[0m   [0;1mSHOW FIELDS FROM `advisors`[0m
  [4;35;1mAdvisor Load (0.1ms)[0m   [0mSELECT * FROM `advisors` WHERE (`advisors`.`id` = 1) [0m
  [4;36;1mEvent Load (0.1ms)[0m   [0;1mSELECT * FROM `events` WHERE (`events`.student_id = 1) LIMIT 1[0m
  [4;35;1mEvent Columns (0.9ms)[0m   [0mSHOW FIELDS FROM `events`[0m
Rendered events/_show (24.0ms)
Completed in 60ms (View: 34, DB: 4) | 200 OK [http://localhost/]
  [4;36;1mSQL (0.1ms)[0m   [0;1mSET NAMES 'utf8'[0m
  [4;35;1mSQL (0.1ms)[0m   [0mSET SQL_AUTO_IS_NULL=0[0m


Processing EventsController#get_events (for 127.0.0.1 at 2010-07-12 00:23:50) [GET]
  Parameters: {"action"=>"get_events", "end"=>"1279339200", "start"=>"1278907200", "controller"=>"events", "_"=>"1278908630295"}
  [4;36;1mStudent Columns (1.0ms)[0m   [0;1mSHOW FIELDS FROM `students`[0m
  [4;35;1mStudent Load (4.2ms)[0m   [0mSELECT * FROM `students` WHERE (`students`.`id` = '1') LIMIT 1[0m
  [4;36;1mEvent Load (3.5ms)[0m   [0;1mSELECT * FROM `events` WHERE (starttime >= '2010-07-12 00:00:00' and endtime <= '2010-07-17 00:00:00') [0m
  [4;35;1mEvent Columns (3.0ms)[0m   [0mSHOW FIELDS FROM `events`[0m
Completed in 55ms (View: 9, DB: 12) | 200 OK [http://localhost/events/get_events?_=1278908630295&start=1278907200&end=1279339200]
  [4;36;1mSQL (0.1ms)[0m   [0;1mSET NAMES 'utf8'[0m
  [4;35;1mSQL (0.1ms)[0m   [0mSET SQL_AUTO_IS_NULL=0[0m


Processing EventsController#move (for 127.0.0.1 at 2010-07-12 00:23:51) [POST]
  Parameters: {"title"=>"Dan Bercht", "minute_delta"=>"15", "day_delta"=>"1", "action"=>"move", "id"=>"22", "controller"=>"events", "all_day"=>"false"}
  [4;36;1mStudent Columns (1.2ms)[0m   [0;1mSHOW FIELDS FROM `students`[0m
  [4;35;1mStudent Load (2.6ms)[0m   [0mSELECT * FROM `students` WHERE (`students`.`id` = '1') LIMIT 1[0m
  [4;36;1mEvent Columns (1.2ms)[0m   [0;1mSHOW FIELDS FROM `events`[0m
  [4;35;1mEvent Load (0.3ms)[0m   [0mSELECT * FROM `events` WHERE (`events`.`id` = '22') LIMIT 1[0m
  [4;36;1mSQL (9.4ms)[0m   [0;1mBEGIN[0m
  [4;35;1mEvent Update (0.4ms)[0m   [0mUPDATE `events` SET `updated_at` = '2010-07-12 04:23:51', `endtime` = '2010-07-14 10:30:00', `starttime` = '2010-07-14 10:15:00' WHERE `id` = 22[0m
  [4;36;1mSQL (2.7ms)[0m   [0;1mCOMMIT[0m
  [4;35;1mAdvisor Columns (1.0ms)[0m   [0mSHOW FIELDS FROM `advisors`[0m
  [4;36;1mAdvisor Load (0.1ms)[0m   [0;1mSELECT * FROM `advisors` WHERE (`advisors`.`id` = 1) [0m
  [4;35;1mEvent Load (0.4ms)[0m   [0mSELECT * FROM `events` WHERE (`events`.student_id = 1) LIMIT 1[0m
Rendered events/_show (5.8ms)
Completed in 80ms (View: 7, DB: 19) | 200 OK [http://localhost/events/move]
  [4;36;1mSQL (0.3ms)[0m   [0;1mSET NAMES 'utf8'[0m
  [4;35;1mSQL (0.2ms)[0m   [0mSET SQL_AUTO_IS_NULL=0[0m


Processing EventsController#get_events (for 127.0.0.1 at 2010-07-12 00:23:52) [GET]
  Parameters: {"action"=>"get_events", "end"=>"1279339200", "start"=>"1278907200", "controller"=>"events", "_"=>"1278908632000"}
  [4;36;1mStudent Columns (1.6ms)[0m   [0;1mSHOW FIELDS FROM `students`[0m
  [4;35;1mStudent Load (0.2ms)[0m   [0mSELECT * FROM `students` WHERE (`students`.`id` = '1') LIMIT 1[0m
  [4;36;1mEvent Load (0.9ms)[0m   [0;1mSELECT * FROM `events` WHERE (starttime >= '2010-07-12 00:00:00' and endtime <= '2010-07-17 00:00:00') [0m
  [4;35;1mEvent Columns (0.9ms)[0m   [0mSHOW FIELDS FROM `events`[0m
Completed in 128ms (View: 1, DB: 4) | 200 OK [http://localhost/events/get_events?_=1278908632000&start=1278907200&end=1279339200]
  [4;36;1mSQL (0.1ms)[0m   [0;1mSET NAMES 'utf8'[0m
  [4;35;1mSQL (0.1ms)[0m   [0mSET SQL_AUTO_IS_NULL=0[0m


Processing EventsController#index (for 127.0.0.1 at 2010-07-12 00:24:19) [GET]
  Parameters: {"action"=>"index", "controller"=>"events"}
  [4;36;1mStudent Columns (1.0ms)[0m   [0;1mSHOW FIELDS FROM `students`[0m
  [4;35;1mStudent Load (0.2ms)[0m   [0mSELECT * FROM `students` WHERE (`students`.`id` = '1') LIMIT 1[0m
Rendering template within layouts/application
Rendering events/index_students
  [4;36;1mAdvisor Columns (1.0ms)[0m   [0;1mSHOW FIELDS FROM `advisors`[0m
  [4;35;1mAdvisor Load (0.1ms)[0m   [0mSELECT * FROM `advisors` WHERE (`advisors`.`id` = 1) [0m
  [4;36;1mEvent Load (0.1ms)[0m   [0;1mSELECT * FROM `events` WHERE (`events`.student_id = 1) LIMIT 1[0m
  [4;35;1mEvent Columns (1.0ms)[0m   [0mSHOW FIELDS FROM `events`[0m
Rendered events/_show (25.5ms)
Completed in 65ms (View: 36, DB: 4) | 200 OK [http://localhost/]
  [4;36;1mSQL (0.1ms)[0m   [0;1mSET NAMES 'utf8'[0m
  [4;35;1mSQL (0.1ms)[0m   [0mSET SQL_AUTO_IS_NULL=0[0m


Processing EventsController#get_events (for 127.0.0.1 at 2010-07-12 00:24:20) [GET]
  Parameters: {"action"=>"get_events", "end"=>"1279339200", "start"=>"1278907200", "controller"=>"events", "_"=>"1278908660318"}
  [4;36;1mStudent Columns (1.0ms)[0m   [0;1mSHOW FIELDS FROM `students`[0m
  [4;35;1mStudent Load (0.2ms)[0m   [0mSELECT * FROM `students` WHERE (`students`.`id` = '1') LIMIT 1[0m
  [4;36;1mEvent Load (0.1ms)[0m   [0;1mSELECT * FROM `events` WHERE (starttime >= '2010-07-12 00:00:00' and endtime <= '2010-07-17 00:00:00') [0m
  [4;35;1mEvent Columns (1.0ms)[0m   [0mSHOW FIELDS FROM `events`[0m
Completed in 55ms (View: 1, DB: 2) | 200 OK [http://localhost/events/get_events?_=1278908660318&start=1278907200&end=1279339200]
  [4;36;1mSQL (0.1ms)[0m   [0;1mSET NAMES 'utf8'[0m
  [4;35;1mSQL (0.1ms)[0m   [0mSET SQL_AUTO_IS_NULL=0[0m


Processing EventsController#move (for 127.0.0.1 at 2010-07-12 00:24:22) [POST]
  Parameters: {"title"=>"Dan Bercht", "minute_delta"=>"-60", "day_delta"=>"1", "action"=>"move", "id"=>"22", "controller"=>"events", "all_day"=>"false"}
  [4;36;1mStudent Columns (1.2ms)[0m   [0;1mSHOW FIELDS FROM `students`[0m
  [4;35;1mStudent Load (0.2ms)[0m   [0mSELECT * FROM `students` WHERE (`students`.`id` = '1') LIMIT 1[0m
  [4;36;1mEvent Columns (1.3ms)[0m   [0;1mSHOW FIELDS FROM `events`[0m
  [4;35;1mEvent Load (0.4ms)[0m   [0mSELECT * FROM `events` WHERE (`events`.`id` = '22') LIMIT 1[0m
  [4;36;1mSQL (0.1ms)[0m   [0;1mBEGIN[0m
  [4;35;1mEvent Update (0.3ms)[0m   [0mUPDATE `events` SET `updated_at` = '2010-07-12 04:24:22', `endtime` = '2010-07-15 09:30:00', `starttime` = '2010-07-15 09:15:00' WHERE `id` = 22[0m
  [4;36;1mSQL (1.4ms)[0m   [0;1mCOMMIT[0m
  [4;35;1mAdvisor Columns (5.8ms)[0m   [0mSHOW FIELDS FROM `advisors`[0m
  [4;36;1mAdvisor Load (5.5ms)[0m   [0;1mSELECT * FROM `advisors` WHERE (`advisors`.`id` = 1) [0m
  [4;35;1mEvent Load (0.4ms)[0m   [0mSELECT * FROM `events` WHERE (`events`.student_id = 1) LIMIT 1[0m
Rendered events/_show (12.3ms)
Completed in 60ms (View: 8, DB: 17) | 200 OK [http://localhost/events/move]
  [4;36;1mSQL (0.1ms)[0m   [0;1mSET NAMES 'utf8'[0m
  [4;35;1mSQL (0.1ms)[0m   [0mSET SQL_AUTO_IS_NULL=0[0m


Processing EventsController#get_events (for 127.0.0.1 at 2010-07-12 00:24:23) [GET]
  Parameters: {"action"=>"get_events", "end"=>"1279339200", "start"=>"1278907200", "controller"=>"events", "_"=>"1278908662966"}
  [4;36;1mStudent Columns (1.1ms)[0m   [0;1mSHOW FIELDS FROM `students`[0m
  [4;35;1mStudent Load (0.2ms)[0m   [0mSELECT * FROM `students` WHERE (`students`.`id` = '1') LIMIT 1[0m
  [4;36;1mEvent Load (0.5ms)[0m   [0;1mSELECT * FROM `events` WHERE (starttime >= '2010-07-12 00:00:00' and endtime <= '2010-07-17 00:00:00') [0m
  [4;35;1mEvent Columns (1.1ms)[0m   [0mSHOW FIELDS FROM `events`[0m
Completed in 47ms (View: 1, DB: 3) | 200 OK [http://localhost/events/get_events?_=1278908662966&start=1278907200&end=1279339200]
  [4;36;1mSQL (0.1ms)[0m   [0;1mSET NAMES 'utf8'[0m
  [4;35;1mSQL (0.1ms)[0m   [0mSET SQL_AUTO_IS_NULL=0[0m


Processing ApplicationController#index (for 127.0.0.1 at 2010-07-12 00:24:30) [GET]

ActionController::RoutingError (No route matches "/images/ui-bg_highlight-soft_100_eeeeee_1x100.png" with {:method=>:get}):
  /usr/local/lib/ruby/1.8/webrick/httpserver.rb:104:in `service'
  /usr/local/lib/ruby/1.8/webrick/httpserver.rb:65:in `run'
  /usr/local/lib/ruby/1.8/webrick/server.rb:173:in `start_thread'
  /usr/local/lib/ruby/1.8/webrick/server.rb:162

Rendering rescues/layout (not_found)
  [4;36;1mSQL (0.1ms)[0m   [0;1mSET NAMES 'utf8'[0m
  [4;35;1mSQL (7.2ms)[0m   [0mSET SQL_AUTO_IS_NULL=0[0m


Processing ApplicationController#index (for 127.0.0.1 at 2010-07-12 00:24:31) [GET]

ActionController::RoutingError (No route matches "/images/ui-bg_diagonals-thick_20_666666_40x40.png" with {:method=>:get}):
  /usr/local/lib/ruby/1.8/webrick/httpserver.rb:104:in `service'
  /usr/local/lib/ruby/1.8/webrick/httpserver.rb:65:in `run'
  /usr/local/lib/ruby/1.8/webrick/server.rb:173:in `start_thread'
  /usr/local/lib/ruby/1.8/webrick/server.rb:162

Rendering rescues/layout (not_found)
  [4;36;1mSQL (0.1ms)[0m   [0;1mSET NAMES 'utf8'[0m
  [4;35;1mSQL (0.1ms)[0m   [0mSET SQL_AUTO_IS_NULL=0[0m


Processing EventsController#move (for 127.0.0.1 at 2010-07-12 00:24:37) [POST]
  Parameters: {"title"=>"Dan Bercht", "minute_delta"=>"-30", "day_delta"=>"0", "action"=>"move", "id"=>"22", "controller"=>"events", "all_day"=>"false"}
  [4;36;1mStudent Columns (1.0ms)[0m   [0;1mSHOW FIELDS FROM `students`[0m
  [4;35;1mStudent Load (0.2ms)[0m   [0mSELECT * FROM `students` WHERE (`students`.`id` = '1') LIMIT 1[0m
  [4;36;1mEvent Columns (1.1ms)[0m   [0;1mSHOW FIELDS FROM `events`[0m
  [4;35;1mEvent Load (0.4ms)[0m   [0mSELECT * FROM `events` WHERE (`events`.`id` = '22') LIMIT 1[0m
  [4;36;1mSQL (0.1ms)[0m   [0;1mBEGIN[0m
  [4;35;1mEvent Update (0.3ms)[0m   [0mUPDATE `events` SET `updated_at` = '2010-07-12 04:24:37', `endtime` = '2010-07-15 09:00:00', `starttime` = '2010-07-15 08:45:00' WHERE `id` = 22[0m
  [4;36;1mSQL (1.6ms)[0m   [0;1mCOMMIT[0m
  [4;35;1mAdvisor Columns (1.0ms)[0m   [0mSHOW FIELDS FROM `advisors`[0m
  [4;36;1mAdvisor Load (0.1ms)[0m   [0;1mSELECT * FROM `advisors` WHERE (`advisors`.`id` = 1) [0m
  [4;35;1mEvent Load (0.4ms)[0m   [0mSELECT * FROM `events` WHERE (`events`.student_id = 1) LIMIT 1[0m
Rendered events/_show (6.2ms)
Completed in 51ms (View: 7, DB: 6) | 200 OK [http://localhost/events/move]
  [4;36;1mSQL (0.1ms)[0m   [0;1mSET NAMES 'utf8'[0m
  [4;35;1mSQL (0.1ms)[0m   [0mSET SQL_AUTO_IS_NULL=0[0m


Processing EventsController#get_events (for 127.0.0.1 at 2010-07-12 00:24:38) [GET]
  Parameters: {"action"=>"get_events", "end"=>"1279339200", "start"=>"1278907200", "controller"=>"events", "_"=>"1278908677977"}
  [4;36;1mStudent Columns (1.3ms)[0m   [0;1mSHOW FIELDS FROM `students`[0m
  [4;35;1mStudent Load (0.2ms)[0m   [0mSELECT * FROM `students` WHERE (`students`.`id` = '1') LIMIT 1[0m
  [4;36;1mEvent Load (0.4ms)[0m   [0;1mSELECT * FROM `events` WHERE (starttime >= '2010-07-12 00:00:00' and endtime <= '2010-07-17 00:00:00') [0m
  [4;35;1mEvent Columns (0.9ms)[0m   [0mSHOW FIELDS FROM `events`[0m
Completed in 31ms (View: 1, DB: 3) | 200 OK [http://localhost/events/get_events?_=1278908677977&start=1278907200&end=1279339200]
  [4;36;1mSQL (0.1ms)[0m   [0;1mSET NAMES 'utf8'[0m
  [4;35;1mSQL (0.1ms)[0m   [0mSET SQL_AUTO_IS_NULL=0[0m


Processing EventsController#move (for 127.0.0.1 at 2010-07-12 00:24:40) [POST]
  Parameters: {"title"=>"Dan Bercht", "minute_delta"=>"-15", "day_delta"=>"-1", "action"=>"move", "id"=>"22", "controller"=>"events", "all_day"=>"false"}
  [4;36;1mStudent Columns (1.2ms)[0m   [0;1mSHOW FIELDS FROM `students`[0m
  [4;35;1mStudent Load (0.2ms)[0m   [0mSELECT * FROM `students` WHERE (`students`.`id` = '1') LIMIT 1[0m
  [4;36;1mEvent Columns (1.0ms)[0m   [0;1mSHOW FIELDS FROM `events`[0m
  [4;35;1mEvent Load (0.3ms)[0m   [0mSELECT * FROM `events` WHERE (`events`.`id` = '22') LIMIT 1[0m
  [4;36;1mSQL (0.1ms)[0m   [0;1mBEGIN[0m
  [4;35;1mEvent Update (0.7ms)[0m   [0mUPDATE `events` SET `updated_at` = '2010-07-12 04:24:40', `endtime` = '2010-07-14 08:45:00', `starttime` = '2010-07-14 08:30:00' WHERE `id` = 22[0m
  [4;36;1mSQL (1.3ms)[0m   [0;1mCOMMIT[0m
  [4;35;1mAdvisor Columns (1.0ms)[0m   [0mSHOW FIELDS FROM `advisors`[0m
  [4;36;1mAdvisor Load (0.1ms)[0m   [0;1mSELECT * FROM `advisors` WHERE (`advisors`.`id` = 1) [0m
  [4;35;1mEvent Load (0.4ms)[0m   [0mSELECT * FROM `events` WHERE (`events`.student_id = 1) LIMIT 1[0m
Rendered events/_show (5.9ms)
Completed in 49ms (View: 7, DB: 7) | 200 OK [http://localhost/events/move]
  [4;36;1mSQL (2.1ms)[0m   [0;1mSET NAMES 'utf8'[0m
  [4;35;1mSQL (0.1ms)[0m   [0mSET SQL_AUTO_IS_NULL=0[0m


Processing EventsController#get_events (for 127.0.0.1 at 2010-07-12 00:24:40) [GET]
  Parameters: {"action"=>"get_events", "end"=>"1279339200", "start"=>"1278907200", "controller"=>"events", "_"=>"1278908680310"}
  [4;36;1mStudent Columns (1.0ms)[0m   [0;1mSHOW FIELDS FROM `students`[0m
  [4;35;1mStudent Load (0.2ms)[0m   [0mSELECT * FROM `students` WHERE (`students`.`id` = '1') LIMIT 1[0m
  [4;36;1mEvent Load (0.5ms)[0m   [0;1mSELECT * FROM `events` WHERE (starttime >= '2010-07-12 00:00:00' and endtime <= '2010-07-17 00:00:00') [0m
  [4;35;1mEvent Columns (0.9ms)[0m   [0mSHOW FIELDS FROM `events`[0m
Completed in 110ms (View: 1, DB: 5) | 200 OK [http://localhost/events/get_events?_=1278908680310&start=1278907200&end=1279339200]
  [4;36;1mSQL (0.1ms)[0m   [0;1mSET NAMES 'utf8'[0m
  [4;35;1mSQL (0.1ms)[0m   [0mSET SQL_AUTO_IS_NULL=0[0m


Processing EventsController#move (for 127.0.0.1 at 2010-07-12 00:24:41) [POST]
  Parameters: {"title"=>"Dan Bercht", "minute_delta"=>"0", "day_delta"=>"-1", "action"=>"move", "id"=>"22", "controller"=>"events", "all_day"=>"false"}
  [4;36;1mStudent Columns (1.0ms)[0m   [0;1mSHOW FIELDS FROM `students`[0m
  [4;35;1mStudent Load (0.2ms)[0m   [0mSELECT * FROM `students` WHERE (`students`.`id` = '1') LIMIT 1[0m
  [4;36;1mEvent Columns (1.1ms)[0m   [0;1mSHOW FIELDS FROM `events`[0m
  [4;35;1mEvent Load (0.3ms)[0m   [0mSELECT * FROM `events` WHERE (`events`.`id` = '22') LIMIT 1[0m
  [4;36;1mSQL (0.1ms)[0m   [0;1mBEGIN[0m
  [4;35;1mEvent Update (0.4ms)[0m   [0mUPDATE `events` SET `updated_at` = '2010-07-12 04:24:41', `endtime` = '2010-07-13 08:45:00', `starttime` = '2010-07-13 08:30:00' WHERE `id` = 22[0m
  [4;36;1mSQL (1.2ms)[0m   [0;1mCOMMIT[0m
  [4;35;1mAdvisor Columns (1.0ms)[0m   [0mSHOW FIELDS FROM `advisors`[0m
  [4;36;1mAdvisor Load (0.3ms)[0m   [0;1mSELECT * FROM `advisors` WHERE (`advisors`.`id` = 1) [0m
  [4;35;1mEvent Load (0.4ms)[0m   [0mSELECT * FROM `events` WHERE (`events`.student_id = 1) LIMIT 1[0m
Rendered events/_show (6.3ms)
Completed in 51ms (View: 7, DB: 6) | 200 OK [http://localhost/events/move]
  [4;36;1mSQL (0.1ms)[0m   [0;1mSET NAMES 'utf8'[0m
  [4;35;1mSQL (0.1ms)[0m   [0mSET SQL_AUTO_IS_NULL=0[0m


Processing EventsController#get_events (for 127.0.0.1 at 2010-07-12 00:24:41) [GET]
  Parameters: {"action"=>"get_events", "end"=>"1279339200", "start"=>"1278907200", "controller"=>"events", "_"=>"1278908681496"}
  [4;36;1mStudent Columns (1.2ms)[0m   [0;1mSHOW FIELDS FROM `students`[0m
  [4;35;1mStudent Load (0.2ms)[0m   [0mSELECT * FROM `students` WHERE (`students`.`id` = '1') LIMIT 1[0m
  [4;36;1mEvent Load (0.5ms)[0m   [0;1mSELECT * FROM `events` WHERE (starttime >= '2010-07-12 00:00:00' and endtime <= '2010-07-17 00:00:00') [0m
  [4;35;1mEvent Columns (1.0ms)[0m   [0mSHOW FIELDS FROM `events`[0m
Completed in 27ms (View: 1, DB: 3) | 200 OK [http://localhost/events/get_events?_=1278908681496&start=1278907200&end=1279339200]
  [4;36;1mSQL (0.1ms)[0m   [0;1mSET NAMES 'utf8'[0m
  [4;35;1mSQL (0.1ms)[0m   [0mSET SQL_AUTO_IS_NULL=0[0m


Processing EventsController#move (for 127.0.0.1 at 2010-07-12 00:24:43) [POST]
  Parameters: {"title"=>"Dan Bercht", "minute_delta"=>"15", "day_delta"=>"2", "action"=>"move", "id"=>"22", "controller"=>"events", "all_day"=>"false"}
  [4;36;1mStudent Columns (1.0ms)[0m   [0;1mSHOW FIELDS FROM `students`[0m
  [4;35;1mStudent Load (0.2ms)[0m   [0mSELECT * FROM `students` WHERE (`students`.`id` = '1') LIMIT 1[0m
  [4;36;1mEvent Columns (1.0ms)[0m   [0;1mSHOW FIELDS FROM `events`[0m
  [4;35;1mEvent Load (0.3ms)[0m   [0mSELECT * FROM `events` WHERE (`events`.`id` = '22') LIMIT 1[0m
  [4;36;1mSQL (0.1ms)[0m   [0;1mBEGIN[0m
  [4;35;1mEvent Update (0.3ms)[0m   [0mUPDATE `events` SET `updated_at` = '2010-07-12 04:24:43', `endtime` = '2010-07-15 09:00:00', `starttime` = '2010-07-15 08:45:00' WHERE `id` = 22[0m
  [4;36;1mSQL (1.2ms)[0m   [0;1mCOMMIT[0m
  [4;35;1mAdvisor Columns (1.0ms)[0m   [0mSHOW FIELDS FROM `advisors`[0m
  [4;36;1mAdvisor Load (0.1ms)[0m   [0;1mSELECT * FROM `advisors` WHERE (`advisors`.`id` = 1) [0m
  [4;35;1mEvent Load (0.4ms)[0m   [0mSELECT * FROM `events` WHERE (`events`.student_id = 1) LIMIT 1[0m
Rendered events/_show (6.8ms)
Completed in 136ms (View: 8, DB: 6) | 200 OK [http://localhost/events/move]
  [4;36;1mSQL (0.1ms)[0m   [0;1mSET NAMES 'utf8'[0m
  [4;35;1mSQL (0.1ms)[0m   [0mSET SQL_AUTO_IS_NULL=0[0m


Processing EventsController#get_events (for 127.0.0.1 at 2010-07-12 00:24:43) [GET]
  Parameters: {"action"=>"get_events", "end"=>"1279339200", "start"=>"1278907200", "controller"=>"events", "_"=>"1278908683477"}
  [4;36;1mStudent Columns (1.0ms)[0m   [0;1mSHOW FIELDS FROM `students`[0m
  [4;35;1mStudent Load (0.2ms)[0m   [0mSELECT * FROM `students` WHERE (`students`.`id` = '1') LIMIT 1[0m
  [4;36;1mEvent Load (0.4ms)[0m   [0;1mSELECT * FROM `events` WHERE (starttime >= '2010-07-12 00:00:00' and endtime <= '2010-07-17 00:00:00') [0m
  [4;35;1mEvent Columns (0.9ms)[0m   [0mSHOW FIELDS FROM `events`[0m
Completed in 28ms (View: 1, DB: 3) | 200 OK [http://localhost/events/get_events?_=1278908683477&start=1278907200&end=1279339200]
  [4;36;1mSQL (0.1ms)[0m   [0;1mSET NAMES 'utf8'[0m
  [4;35;1mSQL (0.1ms)[0m   [0mSET SQL_AUTO_IS_NULL=0[0m


Processing EventsController#index (for 127.0.0.1 at 2010-07-12 00:25:10) [GET]
  Parameters: {"action"=>"index", "controller"=>"events"}
  [4;36;1mStudent Columns (1.0ms)[0m   [0;1mSHOW FIELDS FROM `students`[0m
  [4;35;1mStudent Load (0.2ms)[0m   [0mSELECT * FROM `students` WHERE (`students`.`id` = '1') LIMIT 1[0m
Rendering template within layouts/application
Rendering events/index_students
  [4;36;1mAdvisor Columns (1.0ms)[0m   [0;1mSHOW FIELDS FROM `advisors`[0m
  [4;35;1mAdvisor Load (0.1ms)[0m   [0mSELECT * FROM `advisors` WHERE (`advisors`.`id` = 1) [0m
  [4;36;1mEvent Load (0.1ms)[0m   [0;1mSELECT * FROM `events` WHERE (`events`.student_id = 1) LIMIT 1[0m
  [4;35;1mEvent Columns (0.9ms)[0m   [0mSHOW FIELDS FROM `events`[0m
Rendered events/_show (19.3ms)
Completed in 46ms (View: 27, DB: 4) | 200 OK [http://localhost/]
  [4;36;1mSQL (0.1ms)[0m   [0;1mSET NAMES 'utf8'[0m
  [4;35;1mSQL (0.1ms)[0m   [0mSET SQL_AUTO_IS_NULL=0[0m


Processing EventsController#get_events (for 127.0.0.1 at 2010-07-12 00:25:10) [GET]
  Parameters: {"action"=>"get_events", "end"=>"1279339200", "start"=>"1278907200", "controller"=>"events", "_"=>"1278908710929"}
  [4;36;1mStudent Columns (1.0ms)[0m   [0;1mSHOW FIELDS FROM `students`[0m
  [4;35;1mStudent Load (8.3ms)[0m   [0mSELECT * FROM `students` WHERE (`students`.`id` = '1') LIMIT 1[0m
  [4;36;1mEvent Load (5.7ms)[0m   [0;1mSELECT * FROM `events` WHERE (starttime >= '2010-07-12 00:00:00' and endtime <= '2010-07-17 00:00:00') [0m
  [4;35;1mEvent Columns (1.0ms)[0m   [0mSHOW FIELDS FROM `events`[0m
Completed in 60ms (View: 1, DB: 16) | 200 OK [http://localhost/events/get_events?_=1278908710929&start=1278907200&end=1279339200]
  [4;36;1mSQL (0.1ms)[0m   [0;1mSET NAMES 'utf8'[0m
  [4;35;1mSQL (0.1ms)[0m   [0mSET SQL_AUTO_IS_NULL=0[0m


Processing EventsController#move (for 127.0.0.1 at 2010-07-12 00:25:13) [POST]
  Parameters: {"title"=>"Dan Bercht", "minute_delta"=>"60", "day_delta"=>"-1", "action"=>"move", "id"=>"22", "controller"=>"events", "all_day"=>"false"}
  [4;36;1mStudent Columns (1.1ms)[0m   [0;1mSHOW FIELDS FROM `students`[0m
  [4;35;1mStudent Load (0.2ms)[0m   [0mSELECT * FROM `students` WHERE (`students`.`id` = '1') LIMIT 1[0m
  [4;36;1mEvent Columns (1.0ms)[0m   [0;1mSHOW FIELDS FROM `events`[0m
  [4;35;1mEvent Load (0.3ms)[0m   [0mSELECT * FROM `events` WHERE (`events`.`id` = '22') LIMIT 1[0m
  [4;36;1mSQL (0.1ms)[0m   [0;1mBEGIN[0m
  [4;35;1mEvent Update (0.3ms)[0m   [0mUPDATE `events` SET `updated_at` = '2010-07-12 04:25:13', `endtime` = '2010-07-14 10:00:00', `starttime` = '2010-07-14 09:45:00' WHERE `id` = 22[0m
  [4;36;1mSQL (2.7ms)[0m   [0;1mCOMMIT[0m
  [4;35;1mAdvisor Columns (1.0ms)[0m   [0mSHOW FIELDS FROM `advisors`[0m
  [4;36;1mAdvisor Load (0.1ms)[0m   [0;1mSELECT * FROM `advisors` WHERE (`advisors`.`id` = 1) [0m
  [4;35;1mEvent Load (0.4ms)[0m   [0mSELECT * FROM `events` WHERE (`events`.student_id = 1) LIMIT 1[0m
Rendered events/_show (5.9ms)
Completed in 60ms (View: 9, DB: 7) | 200 OK [http://localhost/events/move]
  [4;36;1mSQL (0.1ms)[0m   [0;1mSET NAMES 'utf8'[0m
  [4;35;1mSQL (0.1ms)[0m   [0mSET SQL_AUTO_IS_NULL=0[0m


Processing EventsController#get_events (for 127.0.0.1 at 2010-07-12 00:25:13) [GET]
  Parameters: {"action"=>"get_events", "end"=>"1279339200", "start"=>"1278907200", "controller"=>"events", "_"=>"1278908713494"}
  [4;36;1mStudent Columns (12.4ms)[0m   [0;1mSHOW FIELDS FROM `students`[0m
  [4;35;1mStudent Load (1.6ms)[0m   [0mSELECT * FROM `students` WHERE (`students`.`id` = '1') LIMIT 1[0m
  [4;36;1mEvent Load (9.6ms)[0m   [0;1mSELECT * FROM `events` WHERE (starttime >= '2010-07-12 00:00:00' and endtime <= '2010-07-17 00:00:00') [0m
  [4;35;1mEvent Columns (1.0ms)[0m   [0mSHOW FIELDS FROM `events`[0m
Completed in 65ms (View: 6, DB: 25) | 200 OK [http://localhost/events/get_events?_=1278908713494&start=1278907200&end=1279339200]
  [4;36;1mSQL (0.1ms)[0m   [0;1mSET NAMES 'utf8'[0m
  [4;35;1mSQL (0.1ms)[0m   [0mSET SQL_AUTO_IS_NULL=0[0m


Processing EventsController#index (for 127.0.0.1 at 2010-07-12 00:26:02) [GET]
  Parameters: {"action"=>"index", "controller"=>"events"}
  [4;36;1mStudent Columns (1.0ms)[0m   [0;1mSHOW FIELDS FROM `students`[0m
  [4;35;1mStudent Load (0.2ms)[0m   [0mSELECT * FROM `students` WHERE (`students`.`id` = '1') LIMIT 1[0m
Rendering template within layouts/application
Rendering events/index_students
  [4;36;1mAdvisor Columns (1.2ms)[0m   [0;1mSHOW FIELDS FROM `advisors`[0m
  [4;35;1mAdvisor Load (0.1ms)[0m   [0mSELECT * FROM `advisors` WHERE (`advisors`.`id` = 1) [0m
  [4;36;1mEvent Load (0.1ms)[0m   [0;1mSELECT * FROM `events` WHERE (`events`.student_id = 1) LIMIT 1[0m
  [4;35;1mEvent Columns (1.1ms)[0m   [0mSHOW FIELDS FROM `events`[0m
Rendered events/_show (24.4ms)
Completed in 57ms (View: 33, DB: 4) | 200 OK [http://localhost/]
  [4;36;1mSQL (0.1ms)[0m   [0;1mSET NAMES 'utf8'[0m
  [4;35;1mSQL (0.1ms)[0m   [0mSET SQL_AUTO_IS_NULL=0[0m


Processing EventsController#get_events (for 127.0.0.1 at 2010-07-12 00:26:03) [GET]
  Parameters: {"action"=>"get_events", "end"=>"1279339200", "start"=>"1278907200", "controller"=>"events", "_"=>"1278908763393"}
  [4;36;1mStudent Columns (1.0ms)[0m   [0;1mSHOW FIELDS FROM `students`[0m
  [4;35;1mStudent Load (2.3ms)[0m   [0mSELECT * FROM `students` WHERE (`students`.`id` = '1') LIMIT 1[0m
  [4;36;1mEvent Load (1.0ms)[0m   [0;1mSELECT * FROM `events` WHERE (starttime >= '2010-07-12 00:00:00' and endtime <= '2010-07-17 00:00:00') [0m
  [4;35;1mEvent Columns (1.6ms)[0m   [0mSHOW FIELDS FROM `events`[0m
Completed in 71ms (View: 1, DB: 6) | 200 OK [http://localhost/events/get_events?_=1278908763393&start=1278907200&end=1279339200]
  [4;36;1mSQL (0.1ms)[0m   [0;1mSET NAMES 'utf8'[0m
  [4;35;1mSQL (0.1ms)[0m   [0mSET SQL_AUTO_IS_NULL=0[0m


Processing EventsController#move (for 127.0.0.1 at 2010-07-12 00:26:05) [POST]
  Parameters: {"title"=>"Dan Bercht", "minute_delta"=>"-45", "day_delta"=>"-1", "action"=>"move", "id"=>"22", "controller"=>"events", "all_day"=>"false"}
  [4;36;1mStudent Columns (1.1ms)[0m   [0;1mSHOW FIELDS FROM `students`[0m
  [4;35;1mStudent Load (0.2ms)[0m   [0mSELECT * FROM `students` WHERE (`students`.`id` = '1') LIMIT 1[0m
  [4;36;1mEvent Columns (1.0ms)[0m   [0;1mSHOW FIELDS FROM `events`[0m
  [4;35;1mEvent Load (0.3ms)[0m   [0mSELECT * FROM `events` WHERE (`events`.`id` = '22') LIMIT 1[0m
  [4;36;1mSQL (0.1ms)[0m   [0;1mBEGIN[0m
  [4;35;1mEvent Update (0.4ms)[0m   [0mUPDATE `events` SET `updated_at` = '2010-07-12 04:26:05', `endtime` = '2010-07-13 09:15:00', `starttime` = '2010-07-13 09:00:00' WHERE `id` = 22[0m
  [4;36;1mSQL (3.0ms)[0m   [0;1mCOMMIT[0m
  [4;35;1mAdvisor Columns (1.0ms)[0m   [0mSHOW FIELDS FROM `advisors`[0m
  [4;36;1mAdvisor Load (0.1ms)[0m   [0;1mSELECT * FROM `advisors` WHERE (`advisors`.`id` = 1) [0m
  [4;35;1mEvent Load (0.4ms)[0m   [0mSELECT * FROM `events` WHERE (`events`.student_id = 1) LIMIT 1[0m
Rendered events/_show (6.5ms)
Completed in 57ms (View: 8, DB: 8) | 200 OK [http://localhost/events/move]
  [4;36;1mSQL (0.1ms)[0m   [0;1mSET NAMES 'utf8'[0m
  [4;35;1mSQL (0.4ms)[0m   [0mSET SQL_AUTO_IS_NULL=0[0m


Processing EventsController#index (for 127.0.0.1 at 2010-07-12 00:26:14) [GET]
  Parameters: {"action"=>"index", "controller"=>"events"}
  [4;36;1mStudent Columns (0.9ms)[0m   [0;1mSHOW FIELDS FROM `students`[0m
  [4;35;1mStudent Load (1.5ms)[0m   [0mSELECT * FROM `students` WHERE (`students`.`id` = '1') LIMIT 1[0m
Rendering template within layouts/application
Rendering events/index_students
  [4;36;1mAdvisor Columns (1.9ms)[0m   [0;1mSHOW FIELDS FROM `advisors`[0m
  [4;35;1mAdvisor Load (0.1ms)[0m   [0mSELECT * FROM `advisors` WHERE (`advisors`.`id` = 1) [0m
  [4;36;1mEvent Load (0.1ms)[0m   [0;1mSELECT * FROM `events` WHERE (`events`.student_id = 1) LIMIT 1[0m
  [4;35;1mEvent Columns (0.9ms)[0m   [0mSHOW FIELDS FROM `events`[0m
Rendered events/_show (21.9ms)
Completed in 52ms (View: 31, DB: 6) | 200 OK [http://localhost/]
  [4;36;1mSQL (6.0ms)[0m   [0;1mSET NAMES 'utf8'[0m
  [4;35;1mSQL (0.1ms)[0m   [0mSET SQL_AUTO_IS_NULL=0[0m


Processing EventsController#get_events (for 127.0.0.1 at 2010-07-12 00:26:15) [GET]
  Parameters: {"action"=>"get_events", "end"=>"1279339200", "start"=>"1278907200", "controller"=>"events", "_"=>"1278908775047"}
  [4;36;1mStudent Columns (0.9ms)[0m   [0;1mSHOW FIELDS FROM `students`[0m
  [4;35;1mStudent Load (6.8ms)[0m   [0mSELECT * FROM `students` WHERE (`students`.`id` = '1') LIMIT 1[0m
  [4;36;1mEvent Load (0.6ms)[0m   [0;1mSELECT * FROM `events` WHERE (starttime >= '2010-07-12 00:00:00' and endtime <= '2010-07-17 00:00:00') [0m
  [4;35;1mEvent Columns (1.0ms)[0m   [0mSHOW FIELDS FROM `events`[0m
Completed in 59ms (View: 1, DB: 15) | 200 OK [http://localhost/events/get_events?_=1278908775047&start=1278907200&end=1279339200]
  [4;36;1mSQL (0.1ms)[0m   [0;1mSET NAMES 'utf8'[0m
  [4;35;1mSQL (0.1ms)[0m   [0mSET SQL_AUTO_IS_NULL=0[0m


Processing EventsController#move (for 127.0.0.1 at 2010-07-12 00:26:16) [POST]
  Parameters: {"title"=>"Dan Bercht", "minute_delta"=>"60", "day_delta"=>"2", "action"=>"move", "id"=>"22", "controller"=>"events", "all_day"=>"false"}
  [4;36;1mStudent Columns (1.0ms)[0m   [0;1mSHOW FIELDS FROM `students`[0m
  [4;35;1mStudent Load (0.3ms)[0m   [0mSELECT * FROM `students` WHERE (`students`.`id` = '1') LIMIT 1[0m
  [4;36;1mEvent Columns (1.1ms)[0m   [0;1mSHOW FIELDS FROM `events`[0m
  [4;35;1mEvent Load (0.3ms)[0m   [0mSELECT * FROM `events` WHERE (`events`.`id` = '22') LIMIT 1[0m
  [4;36;1mSQL (8.4ms)[0m   [0;1mBEGIN[0m
  [4;35;1mEvent Update (0.4ms)[0m   [0mUPDATE `events` SET `updated_at` = '2010-07-12 04:26:16', `endtime` = '2010-07-15 10:15:00', `starttime` = '2010-07-15 10:00:00' WHERE `id` = 22[0m
  [4;36;1mSQL (1.1ms)[0m   [0;1mCOMMIT[0m
  [4;35;1mAdvisor Columns (1.0ms)[0m   [0mSHOW FIELDS FROM `advisors`[0m
  [4;36;1mAdvisor Load (0.1ms)[0m   [0;1mSELECT * FROM `advisors` WHERE (`advisors`.`id` = 1) [0m
  [4;35;1mEvent Load (5.6ms)[0m   [0mSELECT * FROM `events` WHERE (`events`.student_id = 1) LIMIT 1[0m
Rendered events/_show (11.2ms)
Completed in 95ms (View: 7, DB: 19) | 200 OK [http://localhost/events/move]
  [4;36;1mSQL (0.1ms)[0m   [0;1mSET NAMES 'utf8'[0m
  [4;35;1mSQL (0.1ms)[0m   [0mSET SQL_AUTO_IS_NULL=0[0m


Processing EventsController#get_events (for 127.0.0.1 at 2010-07-12 00:26:16) [GET]
  Parameters: {"action"=>"get_events", "end"=>"1279339200", "start"=>"1278907200", "controller"=>"events", "_"=>"1278908776597"}
  [4;36;1mStudent Columns (1.2ms)[0m   [0;1mSHOW FIELDS FROM `students`[0m
  [4;35;1mStudent Load (3.7ms)[0m   [0mSELECT * FROM `students` WHERE (`students`.`id` = '1') LIMIT 1[0m
  [4;36;1mEvent Load (0.6ms)[0m   [0;1mSELECT * FROM `events` WHERE (starttime >= '2010-07-12 00:00:00' and endtime <= '2010-07-17 00:00:00') [0m
  [4;35;1mEvent Columns (1.1ms)[0m   [0mSHOW FIELDS FROM `events`[0m
Completed in 43ms (View: 1, DB: 7) | 200 OK [http://localhost/events/get_events?_=1278908776597&start=1278907200&end=1279339200]
  [4;36;1mSQL (0.1ms)[0m   [0;1mSET NAMES 'utf8'[0m
  [4;35;1mSQL (0.1ms)[0m   [0mSET SQL_AUTO_IS_NULL=0[0m


Processing EventsController#move (for 127.0.0.1 at 2010-07-12 00:26:18) [POST]
  Parameters: {"title"=>"Dan Bercht", "minute_delta"=>"-30", "day_delta"=>"-2", "action"=>"move", "id"=>"22", "controller"=>"events", "all_day"=>"false"}
  [4;36;1mStudent Columns (1.0ms)[0m   [0;1mSHOW FIELDS FROM `students`[0m
  [4;35;1mStudent Load (0.2ms)[0m   [0mSELECT * FROM `students` WHERE (`students`.`id` = '1') LIMIT 1[0m
  [4;36;1mEvent Columns (1.6ms)[0m   [0;1mSHOW FIELDS FROM `events`[0m
  [4;35;1mEvent Load (0.4ms)[0m   [0mSELECT * FROM `events` WHERE (`events`.`id` = '22') LIMIT 1[0m
  [4;36;1mSQL (0.1ms)[0m   [0;1mBEGIN[0m
  [4;35;1mEvent Update (0.3ms)[0m   [0mUPDATE `events` SET `updated_at` = '2010-07-12 04:26:18', `endtime` = '2010-07-13 09:45:00', `starttime` = '2010-07-13 09:30:00' WHERE `id` = 22[0m
  [4;36;1mSQL (1.6ms)[0m   [0;1mCOMMIT[0m
  [4;35;1mAdvisor Columns (1.0ms)[0m   [0mSHOW FIELDS FROM `advisors`[0m
  [4;36;1mAdvisor Load (0.1ms)[0m   [0;1mSELECT * FROM `advisors` WHERE (`advisors`.`id` = 1) [0m
  [4;35;1mEvent Load (0.4ms)[0m   [0mSELECT * FROM `events` WHERE (`events`.student_id = 1) LIMIT 1[0m
Rendered events/_show (6.1ms)
Completed in 52ms (View: 7, DB: 7) | 200 OK [http://localhost/events/move]
  [4;36;1mSQL (0.1ms)[0m   [0;1mSET NAMES 'utf8'[0m
  [4;35;1mSQL (0.1ms)[0m   [0mSET SQL_AUTO_IS_NULL=0[0m


Processing EventsController#get_events (for 127.0.0.1 at 2010-07-12 00:26:18) [GET]
  Parameters: {"action"=>"get_events", "end"=>"1279339200", "start"=>"1278907200", "controller"=>"events", "_"=>"1278908778113"}
  [4;36;1mStudent Columns (1.0ms)[0m   [0;1mSHOW FIELDS FROM `students`[0m
  [4;35;1mStudent Load (0.2ms)[0m   [0mSELECT * FROM `students` WHERE (`students`.`id` = '1') LIMIT 1[0m
  [4;36;1mEvent Load (0.6ms)[0m   [0;1mSELECT * FROM `events` WHERE (starttime >= '2010-07-12 00:00:00' and endtime <= '2010-07-17 00:00:00') [0m
  [4;35;1mEvent Columns (0.9ms)[0m   [0mSHOW FIELDS FROM `events`[0m
Completed in 27ms (View: 1, DB: 3) | 200 OK [http://localhost/events/get_events?_=1278908778113&start=1278907200&end=1279339200]
